<?xml version="1.0" encoding="UTF-8"?>
<!-- Generated by org.testng.reporters.JUnitReportReporter -->
<testsuite hostname="DESKTOP-2MQ9SDJ" failures="0" tests="1" name="CashOnDeliveryProcess.BuyerCheckoutProcess" time="71.873" errors="0" timestamp="2021-01-22T16:35:01 IST" skipped="0">
  <testcase classname="CashOnDeliveryProcess.BuyerCheckoutProcess" name="testCase1" time="71.873"/>
  <system-out/>
</testsuite> <!-- CashOnDeliveryProcess.BuyerCheckoutProcess -->
