<?xml version="1.0" encoding="UTF-8"?>
<!-- Generated by org.testng.reporters.JUnitReportReporter -->
<testsuite hostname="DESKTOP-2MQ9SDJ" failures="0" tests="1" name="CashOnDeliveryProcess.FullfillingOrder" time="143.562" errors="0" timestamp="2021-01-23T10:06:15 IST" skipped="0">
  <testcase classname="CashOnDeliveryProcess.FullfillingOrder" name="testSellerFullfillment" time="143.562"/>
  <system-out/>
</testsuite> <!-- CashOnDeliveryProcess.FullfillingOrder -->
