<?xml version="1.0" encoding="UTF-8"?>
<!-- Generated by org.testng.reporters.JUnitReportReporter -->
<testsuite hostname="DESKTOP-2MQ9SDJ" failures="0" tests="1" name="CashOnDeliveryProcess.BuyerReturn" time="28.106" errors="0" timestamp="2021-01-23T10:00:41 IST" skipped="0">
  <testcase classname="CashOnDeliveryProcess.BuyerReturn" name="testReturn" time="28.106"/>
  <system-out/>
</testsuite> <!-- CashOnDeliveryProcess.BuyerReturn -->
