<?xml version="1.0" encoding="UTF-8"?>
<!-- Generated by org.testng.reporters.JUnitReportReporter -->
<testsuite hostname="DESKTOP-2MQ9SDJ" failures="0" tests="1" name="SohostyleLive.SCCOD" time="322.426" errors="0" timestamp="2021-03-19T17:02:22 IST" skipped="0">
  <testcase classname="SohostyleLive.SCCOD" name="testCase3" time="322.426"/>
  <system-out/>
</testsuite> <!-- SohostyleLive.SCCOD -->
