<?xml version="1.0" encoding="UTF-8"?>
<!-- Generated by org.testng.reporters.JUnitReportReporter -->
<testsuite hostname="DESKTOP-2MQ9SDJ" failures="0" tests="1" name="EcomAddingCategories.sample" time="69.346" errors="0" timestamp="2021-02-26T22:16:45 IST" skipped="0">
  <testcase classname="EcomAddingCategories.sample" name="testadmincancel" time="69.346"/>
  <system-out/>
</testsuite> <!-- EcomAddingCategories.sample -->
