<?xml version="1.0" encoding="UTF-8"?>
<!-- Generated by org.testng.reporters.JUnitReportReporter -->
<testsuite hostname="DESKTOP-2MQ9SDJ" failures="0" tests="1" name="RazorpayOrderProcessing.BuyerReturning" time="17.798" errors="0" timestamp="2021-01-23T10:19:41 IST" skipped="0">
  <testcase classname="RazorpayOrderProcessing.BuyerReturning" name="testReturn" time="17.798"/>
  <system-out/>
</testsuite> <!-- RazorpayOrderProcessing.BuyerReturning -->
