<?xml version="1.0" encoding="UTF-8"?>
<!-- Generated by org.testng.reporters.JUnitReportReporter -->
<testsuite hostname="DESKTOP-2MQ9SDJ" failures="0" tests="1" name="Category_Creation.DeleteCat" time="14.977" errors="0" timestamp="2021-03-01T17:10:25 IST" skipped="0">
  <testcase classname="Category_Creation.DeleteCat" name="testCouponDiscount" time="14.977"/>
  <system-out/>
</testsuite> <!-- Category_Creation.DeleteCat -->
