<?xml version="1.0" encoding="UTF-8"?>
<!-- Generated by org.testng.reporters.JUnitReportReporter -->
<testsuite hostname="DESKTOP-2MQ9SDJ" failures="0" tests="1" name="Category_Creation.otherSet" time="169.584" errors="0" timestamp="2021-02-24T13:12:11 IST" skipped="0">
  <testcase classname="Category_Creation.otherSet" name="testadmincancel" time="169.584"/>
  <system-out/>
</testsuite> <!-- Category_Creation.otherSet -->
