<?xml version="1.0" encoding="UTF-8"?>
<!-- Generated by org.testng.reporters.JUnitReportReporter -->
<testsuite hostname="DESKTOP-2MQ9SDJ" failures="0" tests="1" name="Ordering.CODLP" time="93.507" errors="0" timestamp="2021-01-23T10:54:58 IST" skipped="0">
  <testcase classname="Ordering.CODLP" name="testCase1" time="93.507"/>
  <system-out/>
</testsuite> <!-- Ordering.CODLP -->
