<?xml version="1.0" encoding="UTF-8"?>
<!-- Generated by org.testng.reporters.JUnitReportReporter -->
<testsuite hostname="DESKTOP-2MQ9SDJ" failures="0" tests="1" name="Ordering.RazorpayOrder" time="91.137" errors="0" timestamp="2021-02-09T10:03:22 IST" skipped="0">
  <testcase classname="Ordering.RazorpayOrder" name="testCase2" time="91.137"/>
  <system-out/>
</testsuite> <!-- Ordering.RazorpayOrder -->
