<?xml version="1.0" encoding="UTF-8"?>
<!-- Generated by org.testng.reporters.JUnitReportReporter -->
<testsuite hostname="DESKTOP-2MQ9SDJ" failures="0" tests="1" name="Ordering.SCCODLP" time="107.775" errors="0" timestamp="2021-02-12T12:22:23 IST" skipped="0">
  <testcase classname="Ordering.SCCODLP" name="testCase3" time="107.775"/>
  <system-out/>
</testsuite> <!-- Ordering.SCCODLP -->
