<?xml version="1.0" encoding="UTF-8"?>
<!-- Generated by org.testng.reporters.JUnitReportReporter -->
<testsuite hostname="DESKTOP-2MQ9SDJ" failures="0" tests="1" name="Ordering.SCRpayLP" time="195.832" errors="0" timestamp="2021-02-06T17:33:04 IST" skipped="0">
  <testcase classname="Ordering.SCRpayLP" name="testCase4" time="195.832"/>
  <system-out/>
</testsuite> <!-- Ordering.SCRpayLP -->
