<?xml version="1.0" encoding="UTF-8"?>
<!-- Generated by org.testng.reporters.JUnitReportReporter -->
<testsuite hostname="DESKTOP-2MQ9SDJ" failures="0" tests="1" name="Cancellation.sellerCancellation" time="34.341" errors="0" timestamp="2021-02-12T12:23:41 IST" skipped="0">
  <testcase classname="Cancellation.sellerCancellation" name="testSellerFullfillment" time="34.341"/>
  <system-out/>
</testsuite> <!-- Cancellation.sellerCancellation -->
