<?xml version="1.0" encoding="UTF-8"?>
<!-- Generated by org.testng.reporters.JUnitReportReporter -->
<testsuite hostname="DESKTOP-2MQ9SDJ" failures="0" tests="1" name="orderFullfilling.fullfillment" time="48.977" errors="0" timestamp="2021-02-10T16:42:57 IST" skipped="0">
  <testcase classname="orderFullfilling.fullfillment" name="testSellerFullfillment" time="48.977"/>
  <system-out/>
</testsuite> <!-- orderFullfilling.fullfillment -->
