<?xml version="1.0" encoding="UTF-8"?>
<!-- Generated by org.testng.reporters.JUnitReportReporter -->
<testsuite hostname="DESKTOP-2MQ9SDJ" failures="0" tests="1" name="Ordering.RpayLP" time="115.533" errors="0" timestamp="2021-02-08T21:19:12 IST" skipped="0">
  <testcase classname="Ordering.RpayLP" name="testCase2" time="115.533"/>
  <system-out/>
</testsuite> <!-- Ordering.RpayLP -->
