<?xml version="1.0" encoding="UTF-8"?>
<!-- Generated by org.testng.reporters.JUnitReportReporter -->
<testsuite hostname="DESKTOP-2MQ9SDJ" failures="0" tests="1" name="returnRequestApproving" time="20.865" errors="0" timestamp="2021-01-27T10:23:49 IST" skipped="0">
  <testcase classname="returnRequestApproving" name="testadminreturnReqst" time="20.865"/>
  <system-out/>
</testsuite> <!-- returnRequestApproving -->
