<?xml version="1.0" encoding="UTF-8"?>
<!-- Generated by org.testng.reporters.JUnitReportReporter -->
<testsuite hostname="DESKTOP-2MQ9SDJ" failures="0" tests="1" name="orderReturnRequest" time="59.498" errors="0" timestamp="2021-02-08T21:09:41 IST" skipped="0">
  <testcase classname="orderReturnRequest" name="testCase1" time="59.498"/>
  <system-out/>
</testsuite> <!-- orderReturnRequest -->
