<?xml version="1.0" encoding="UTF-8"?>
<!-- Generated by org.testng.reporters.JUnitReportReporter -->
<testsuite hostname="DESKTOP-2MQ9SDJ" failures="0" tests="1" name="ReturnProcess.returnApproval" time="23.446" errors="0" timestamp="2021-03-08T17:52:22 IST" skipped="0">
  <testcase classname="ReturnProcess.returnApproval" name="testadminreturnReqst" time="23.446"/>
  <system-out/>
</testsuite> <!-- ReturnProcess.returnApproval -->
