<?xml version="1.0" encoding="UTF-8"?>
<!-- Generated by org.testng.reporters.JUnitReportReporter -->
<testsuite hostname="DESKTOP-2MQ9SDJ" failures="0" tests="1" name="BuyerOrderingScenarios.SC_RPAY" time="118.842" errors="0" timestamp="2021-03-08T17:36:35 IST" skipped="0">
  <testcase classname="BuyerOrderingScenarios.SC_RPAY" name="testCase4" time="118.842"/>
  <system-out/>
</testsuite> <!-- BuyerOrderingScenarios.SC_RPAY -->
