<?xml version="1.0" encoding="UTF-8"?>
<!-- Generated by org.testng.reporters.JUnitReportReporter -->
<testsuite hostname="DESKTOP-2MQ9SDJ" failures="0" tests="1" name="SC_COD_WholeProcess.OrderPlacing" time="202.699" errors="0" timestamp="2021-03-03T11:44:32 IST" skipped="0">
  <testcase classname="SC_COD_WholeProcess.OrderPlacing" name="testSCCOD" time="202.699"/>
  <system-out/>
</testsuite> <!-- SC_COD_WholeProcess.OrderPlacing -->
