<?xml version="1.0" encoding="UTF-8"?>
<!-- Generated by org.testng.reporters.JUnitReportReporter -->
<testsuite hostname="DESKTOP-2MQ9SDJ" failures="0" tests="1" name="ReturnProcess.ReturnOrder" time="156.743" errors="0" timestamp="2021-03-18T17:40:13 IST" skipped="0">
  <testcase classname="ReturnProcess.ReturnOrder" name="testCase1" time="156.743"/>
  <system-out/>
</testsuite> <!-- ReturnProcess.ReturnOrder -->
